<?xml version="1.0" encoding="UTF-8" ?>
<testsuite errors="0" failures="0" hostname="CHLAPTMARKOND" name="com.test.SimpleTest" skipped="0" tests="2" time="0.062" timestamp="2017-03-03T10:46:44">
  <properties>
[...]
</properties>
  <testcase classname="com.test.SimpleTest" name="testEmptyCollection" time="0.0" />
  <testcase classname="com.test.SimpleTest" name="testOneItemCollection" time="0.0" />
  <system-out><![CDATA[Enter oneTimeSetUp()
Enter setUp()
Enter testEmptyCollection()
Enter tearDown() 
Enter setUp()
Enter testOneItemCollection()
Enter tearDown() 
oneTimeTearDown()
]]></system-out>
  <system-err><![CDATA[]]></system-err>
</testsuite>
